2024-08-19 19:09:00,455 - app.middlewares.logging - INFO - Request: POST http://127.0.0.1:8000/courses/66c349746c7f24be73c1469e/chapters/66c349746c7f24be73c14639/rate?rating=2
2024-08-19 19:09:01,156 - app.middlewares.logging - ERROR - Failed to rate chapter: 1 validation error for RateResponseSchema
rating
  Field required [type=missing, input_value={'message': 'Rating updated successfully'}, input_type=dict]
    For further information visit https://errors.pydantic.dev/2.8/v/missing
2024-08-19 19:09:01,158 - app.middlewares.logging - INFO - Response: status_code=500
app.middlewares.logging - INFO
Request: POST http://127.0.0.1:8000/courses/66c349746c7f24be73c1469e/chapters/66c349746c7f24be73c14639/rate?rating=2

app.middlewares.logging - ERROR
Failed to rate chapter: 404: Course not found

app.middlewares.logging - INFO
Response: status_code=404

app.middlewares.logging - INFO
Request: GET http://127.0.0.1:8000/docs

app.middlewares.logging - INFO
Response: status_code=200

app.middlewares.logging - INFO
Request: GET http://127.0.0.1:8000/openapi.json

app.middlewares.logging - INFO
Response: status_code=200

app.middlewares.logging - INFO
Request: GET http://127.0.0.1:8000/courses?sort_by=alphabetical

app.middlewares.logging - INFO
Fetched courses list successfully.

app.middlewares.logging - INFO
Response: status_code=200

